\BOOKMARK [0][-]{Doc-Start}{ACKNOWLEDGEMENT}{}% 1
\BOOKMARK [0][-]{Doc-Start}{ABSTRACT}{}% 2
\BOOKMARK [0][-]{chapter*.3}{LIST OF TABLES}{}% 3
\BOOKMARK [0][-]{chapter*.4}{LIST OF FIGURES}{}% 4
\BOOKMARK [0][-]{chapter.1}{INTRODUCTION}{}% 5
\BOOKMARK [1][-]{section.1.1}{Problem Definition}{chapter.1}% 6
\BOOKMARK [1][-]{section.1.2}{Objectives of the Project Work}{chapter.1}% 7
\BOOKMARK [1][-]{section.1.3}{Scope of the Project Work}{chapter.1}% 8
\BOOKMARK [1][-]{section.1.4}{Research Methodology}{chapter.1}% 9
\BOOKMARK [1][-]{section.1.5}{Limitations of the Project Work}{chapter.1}% 10
\BOOKMARK [0][-]{chapter.2}{EXISTING DESIGNS AND PRODUCTS}{}% 11
\BOOKMARK [1][-]{section.2.1}{Conventional Vending Machine}{chapter.2}% 12
\BOOKMARK [1][-]{section.2.2}{Tensorflow and Image Classification}{chapter.2}% 13
\BOOKMARK [1][-]{section.2.3}{Terracycle Zero Waste Box\222}{chapter.2}% 14
\BOOKMARK [2][-]{subsection.2.3.1}{TerraCycle}{section.2.3}% 15
\BOOKMARK [2][-]{subsection.2.3.2}{The program and collected wastes}{section.2.3}% 16
\BOOKMARK [2][-]{subsection.2.3.3}{Processing of the waste}{section.2.3}% 17
\BOOKMARK [1][-]{section.2.4}{Summary}{chapter.2}% 18
\BOOKMARK [0][-]{chapter.3}{DESIGN/DATA COLLECTION}{}% 19
\BOOKMARK [1][-]{section.3.1}{ODK: A brief Introduction}{chapter.3}% 20
\BOOKMARK [1][-]{section.3.2}{Components of ODK}{chapter.3}% 21
\BOOKMARK [1][-]{section.3.3}{Workflow for data collection}{chapter.3}% 22
\BOOKMARK [2][-]{subsection.3.3.1}{Workflow for data collection of PPVM}{section.3.3}% 23
\BOOKMARK [2][-]{subsection.3.3.2}{Survey}{section.3.3}% 24
\BOOKMARK [1][-]{section.3.4}{Data Analysis}{chapter.3}% 25
\BOOKMARK [1][-]{section.3.5}{PPVM Design}{chapter.3}% 26
\BOOKMARK [1][-]{section.3.6}{Estimation}{chapter.3}% 27
\BOOKMARK [1][-]{section.3.7}{Summary}{chapter.3}% 28
\BOOKMARK [0][-]{chapter.4}{DESIGN ANALYSIS}{}% 29
\BOOKMARK [1][-]{section.4.1}{Image capture}{chapter.4}% 30
\BOOKMARK [1][-]{section.4.2}{Image recognition and classification}{chapter.4}% 31
\BOOKMARK [1][-]{section.4.3}{Model Design}{chapter.4}% 32
\BOOKMARK [1][-]{section.4.4}{Pen Accepting and Rejecting}{chapter.4}% 33
\BOOKMARK [1][-]{section.4.5}{Rollout Mechanism}{chapter.4}% 34
\BOOKMARK [1][-]{section.4.6}{Summary}{chapter.4}% 35
\BOOKMARK [0][-]{chapter.5}{DISCUSSIONS}{}% 36
\BOOKMARK [0][-]{chapter.6}{CONCLUSIONS}{}% 37
\BOOKMARK [0][-]{chapter*.14}{REFERENCES}{}% 38
\BOOKMARK [0][-]{Appendix.a.A}{Appendix }{}% 39
\BOOKMARK [1][-]{section.a.A.1}{Code}{Appendix.a.A}% 40
\BOOKMARK [2][-]{subsection.a.A.1.1}{For creating model}{section.a.A.1}% 41
\BOOKMARK [2][-]{subsection.a.A.1.2}{For processing in PPVM}{section.a.A.1}% 42
\BOOKMARK [0][-]{Appendix.a.B}{Appendix }{}% 43
\BOOKMARK [1][-]{section.a.B.1}{Data collected}{Appendix.a.B}% 44
